load glyph failed err=6 face=0x11eb240, glyph=2798
load glyph failed err=6 face=0x11eb240, glyph=2798
"Failed load Ace snippets for mode 'rd'"
"Failed load Ace snippets for mode 'rd'"
"Failed load Ace snippets for mode 'rd'"
"Failed load Ace snippets for mode 'rd'"
"Failed load Ace snippets for mode 'rd'"
"Failed load Ace snippets for mode 'rd'"
"Failed load Ace snippets for mode 'rd'"
"Failed load Ace snippets for mode 'rd'"
QApplication::qAppName: Please instantiate the QApplication object first
load glyph failed err=6 face=0x19f0310, glyph=2798
load glyph failed err=6 face=0x19f0310, glyph=2798
"Failed load Ace snippets for mode 'rd'"
"Failed load Ace snippets for mode 'rd'"
"Failed load Ace snippets for mode 'rd'"
"Failed load Ace snippets for mode 'rd'"
"Failed load Ace snippets for mode 'rd'"
"Failed load Ace snippets for mode 'rd'"
"Failed load Ace snippets for mode 'rd'"
"Failed load Ace snippets for mode 'rd'"
"Failed load Ace snippets for mode 'rd'"
"Failed load Ace snippets for mode 'rd'"
"Failed load Ace snippets for mode 'rd'"
"Failed load Ace snippets for mode 'rd'"
"Failed load Ace snippets for mode 'rd'"
"Failed load Ace snippets for mode 'rd'"
"Failed load Ace snippets for mode 'rd'"
"Failed load Ace snippets for mode 'rd'"
"Failed load Ace snippets for mode 'rd'"
"Failed load Ace snippets for mode 'rd'"
"Failed load Ace snippets for mode 'rd'"
"Failed load Ace snippets for mode 'rd'"
"Failed load Ace snippets for mode 'rd'"
"Failed load Ace snippets for mode 'rd'"
"Failed load Ace snippets for mode 'rd'"
"Failed load Ace snippets for mode 'rd'"
"Failed load Ace snippets for mode 'rd'"
"Failed load Ace snippets for mode 'rd'"
"Failed load Ace snippets for mode 'rd'"
"Failed load Ace snippets for mode 'rd'"
"Failed load Ace snippets for mode 'rd'"
"Failed load Ace snippets for mode 'rd'"
"Failed load Ace snippets for mode 'rd'"
"Failed load Ace snippets for mode 'rd'"
"5: Error occurred while executing method
4: [r] R code execution error"
"5: Error occurred while executing method
4: [r] R code execution error"
"5: Error occurred while executing method
4: [r] R code execution error"
"5: Error occurred while executing method
4: [r] R code execution error"
