sample.interval=20000
"readLines" "summaryRprof" 
"regexpr" "summaryRprof" 
"strsplit" "summaryRprof" 
"strsplit" "summaryRprof" 
"strsplit" "summaryRprof" 
"lapply" "summaryRprof" 
"readLines" "summaryRprof" 
"strsplit" "summaryRprof" 
"is.factor" "unique.default" "FUN" "lapply" "summaryRprof" 
"strsplit" "unlist" "FUN" "lapply" "FUN" "lapply" "do.call" "tools::package_dependencies" "find_deps" "sort" "package_deps" "rbind" "filter_duplicate_deps" "dev_package_deps" "install_deps" "install" 
"strsplit" "unlist" "FUN" "lapply" "FUN" "lapply" "do.call" "tools::package_dependencies" "find_deps" "sort" "package_deps" "rbind" "filter_duplicate_deps" "dev_package_deps" "install_deps" "install" 
"sub" "FUN" "lapply" "FUN" "lapply" "do.call" "tools::package_dependencies" "find_deps" "sort" "package_deps" "rbind" "filter_duplicate_deps" "dev_package_deps" "install_deps" "install" 
"sub" "FUN" "lapply" "FUN" "lapply" "do.call" "tools::package_dependencies" "find_deps" "sort" "package_deps" "rbind" "filter_duplicate_deps" "dev_package_deps" "install_deps" "install" 
"sub" "FUN" "lapply" "FUN" "lapply" "do.call" "tools::package_dependencies" "find_deps" "sort" "package_deps" "rbind" "filter_duplicate_deps" "dev_package_deps" "install_deps" "install" 
"sub" "FUN" "lapply" "FUN" "lapply" "do.call" "tools::package_dependencies" "find_deps" "sort" "package_deps" "rbind" "filter_duplicate_deps" "dev_package_deps" "install_deps" "install" 
"FUN" "lapply" "FUN" "lapply" "do.call" "tools::package_dependencies" "find_deps" "sort" "package_deps" "rbind" "filter_duplicate_deps" "dev_package_deps" "install_deps" "install" 
"FUN" "lapply" "FUN" "lapply" "do.call" "tools::package_dependencies" "find_deps" "sort" "package_deps" "rbind" "filter_duplicate_deps" "dev_package_deps" "install_deps" "install" 
"strsplit" "unlist" "FUN" "lapply" "FUN" "lapply" "do.call" "tools::package_dependencies" "find_deps" "sort" "package_deps" "rbind" "filter_duplicate_deps" "dev_package_deps" "install_deps" "install" 
"strsplit" "unlist" "FUN" "lapply" "FUN" "lapply" "do.call" "tools::package_dependencies" "find_deps" "sort" "package_deps" "rbind" "filter_duplicate_deps" "dev_package_deps" "install_deps" "install" 
"sub" "FUN" "lapply" "FUN" "lapply" "do.call" "tools::package_dependencies" "find_deps" "sort" "package_deps" "rbind" "filter_duplicate_deps" "dev_package_deps" "install_deps" "install" 
"strsplit" "unlist" "FUN" "lapply" "FUN" "lapply" "do.call" "tools::package_dependencies" "find_deps" "sort" "package_deps" "rbind" "filter_duplicate_deps" "dev_package_deps" "install_deps" "install" 
"sub" "FUN" "lapply" "FUN" "lapply" "do.call" "tools::package_dependencies" "find_deps" "sort" "package_deps" "rbind" "filter_duplicate_deps" "dev_package_deps" "install_deps" "install" 
"sub" "FUN" "lapply" "FUN" "lapply" "do.call" "tools::package_dependencies" "find_deps" "sort" "package_deps" "rbind" "filter_duplicate_deps" "dev_package_deps" "install_deps" "install" 
"sub" "FUN" "lapply" "FUN" "lapply" "do.call" "tools::package_dependencies" "find_deps" "sort" "package_deps" "rbind" "filter_duplicate_deps" "dev_package_deps" "install_deps" "install" 
"strsplit" "unlist" "FUN" "lapply" "FUN" "lapply" "do.call" "tools::package_dependencies" "find_deps" "sort" "package_deps" "rbind" "filter_duplicate_deps" "dev_package_deps" "install_deps" "install" 
"sub" "FUN" "lapply" "FUN" "lapply" "do.call" "tools::package_dependencies" "find_deps" "sort" "package_deps" "rbind" "filter_duplicate_deps" "dev_package_deps" "install_deps" "install" 
"lapply" "FUN" "lapply" "do.call" "tools::package_dependencies" "find_deps" "sort" "package_deps" "rbind" "filter_duplicate_deps" "dev_package_deps" "install_deps" "install" 
"strsplit" "unlist" "FUN" "lapply" "FUN" "lapply" "do.call" "tools::package_dependencies" "find_deps" "sort" "package_deps" "rbind" "filter_duplicate_deps" "dev_package_deps" "install_deps" "install" 
"strsplit" "unlist" "FUN" "lapply" "FUN" "lapply" "do.call" "tools::package_dependencies" "find_deps" "sort" "package_deps" "rbind" "filter_duplicate_deps" "dev_package_deps" "install_deps" "install" 
"sub" "FUN" "lapply" "FUN" "lapply" "do.call" "tools::package_dependencies" "find_deps" "sort" "package_deps" "rbind" "filter_duplicate_deps" "dev_package_deps" "install_deps" "install" 
"sub" "FUN" "lapply" "FUN" "lapply" "do.call" "tools::package_dependencies" "find_deps" "sort" "package_deps" "rbind" "filter_duplicate_deps" "dev_package_deps" "install_deps" "install" 
"sub" "FUN" "lapply" "FUN" "lapply" "do.call" "tools::package_dependencies" "find_deps" "sort" "package_deps" "rbind" "filter_duplicate_deps" "dev_package_deps" "install_deps" "install" 
"sub" "FUN" "lapply" "FUN" "lapply" "do.call" "tools::package_dependencies" "find_deps" "sort" "package_deps" "rbind" "filter_duplicate_deps" "dev_package_deps" "install_deps" "install" 
"sub" "FUN" "lapply" "FUN" "lapply" "do.call" "tools::package_dependencies" "find_deps" "sort" "package_deps" "rbind" "filter_duplicate_deps" "dev_package_deps" "install_deps" "install" 
"strsplit" "unlist" "FUN" "lapply" "FUN" "lapply" "do.call" "tools::package_dependencies" "find_deps" "sort" "package_deps" "rbind" "filter_duplicate_deps" "dev_package_deps" "install_deps" "install" 
"FUN" "lapply" "FUN" "lapply" "do.call" "tools::package_dependencies" "find_deps" "sort" "package_deps" "rbind" "filter_duplicate_deps" "dev_package_deps" "install_deps" "install" 
"<Anonymous>" "mapply" "<Anonymous>" "do.call" "tools::package_dependencies" "find_deps" "sort" "package_deps" "rbind" "filter_duplicate_deps" "dev_package_deps" "install_deps" "install" 
"FUN" "lapply" "tools::package_dependencies" "find_deps" "sort" "package_deps" "rbind" "filter_duplicate_deps" "dev_package_deps" "install_deps" "install" 
"unique.default" "FUN" "lapply" "tools::package_dependencies" "find_deps" "sort" "package_deps" "rbind" "filter_duplicate_deps" "dev_package_deps" "install_deps" "install" 
"sort.int" "sort.default" "sort" "tools::package_dependencies" "find_deps" "sort" "package_deps" "rbind" "filter_duplicate_deps" "dev_package_deps" "install_deps" "install" 
"as.character" "factor" "split.default" "split" "tools::package_dependencies" "find_deps" "sort" "package_deps" "rbind" "filter_duplicate_deps" "dev_package_deps" "install_deps" "install" 
".Call" "structure" "git2r::status" "standardGeneric" "git2r::status" "vapply" "git_uncommitted" "remote_sha.local_remote" "remote_metadata.package" "remote_metadata" "install" 
"gc" "unload_dll" "unload" "reload" "install" 
"gc" "unload_dll" "unload" "reload" "install" 
"gc" "unload_dll" "unload" "reload" "install" 
"gc" "unload_dll" "unload" "reload" "install" 
"lazyLoadDBfetch" "FUN" "vapply" "same.isFn" "checkConflicts" "library" "doTryCatch" "tryCatchOne" "tryCatchList" "tryCatch" "require" "reload" "install" 
"lazyLoadDBfetch" "FUN" "vapply" "same.isFn" "checkConflicts" "library" "doTryCatch" "tryCatchOne" "tryCatchList" "tryCatch" "require" "reload" "install" 
"lazyLoadDBfetch" "FUN" "vapply" "same.isFn" "checkConflicts" "library" "doTryCatch" "tryCatchOne" "tryCatchList" "tryCatch" "require" "reload" "install" 
"lazyLoadDBfetch" "FUN" "vapply" "same.isFn" "checkConflicts" "library" "doTryCatch" "tryCatchOne" "tryCatchList" "tryCatch" "require" "reload" "install" 
"lazyLoadDBfetch" "FUN" "vapply" "same.isFn" "checkConflicts" "library" "doTryCatch" "tryCatchOne" "tryCatchList" "tryCatch" "require" "reload" "install" 
"lazyLoadDBfetch" "FUN" "vapply" "same.isFn" "checkConflicts" "library" "doTryCatch" "tryCatchOne" "tryCatchList" "tryCatch" "require" "reload" "install" 
"lazyLoadDBfetch" "FUN" "vapply" "same.isFn" "checkConflicts" "library" "doTryCatch" "tryCatchOne" "tryCatchList" "tryCatch" "require" "reload" "install" 
"lazyLoadDBfetch" "FUN" "vapply" "same.isFn" "checkConflicts" "library" "doTryCatch" "tryCatchOne" "tryCatchList" "tryCatch" "require" "reload" "install" 
"lazyLoadDBfetch" "FUN" "vapply" "same.isFn" "checkConflicts" "library" "doTryCatch" "tryCatchOne" "tryCatchList" "tryCatch" "require" "reload" "install" 
"lazyLoadDBfetch" "FUN" "vapply" "same.isFn" "checkConflicts" "library" "doTryCatch" "tryCatchOne" "tryCatchList" "tryCatch" "require" "reload" "install" 
"lazyLoadDBfetch" "FUN" "vapply" "same.isFn" "checkConflicts" "library" "doTryCatch" "tryCatchOne" "tryCatchList" "tryCatch" "require" "reload" "install" 
"lazyLoadDBfetch" "FUN" "vapply" "same.isFn" "checkConflicts" "library" "doTryCatch" "tryCatchOne" "tryCatchList" "tryCatch" "require" "reload" "install" 
"lazyLoadDBfetch" "FUN" "vapply" "same.isFn" "checkConflicts" "library" "doTryCatch" "tryCatchOne" "tryCatchList" "tryCatch" "require" "reload" "install" 
"lazyLoadDBfetch" "FUN" "vapply" "same.isFn" "checkConflicts" "library" "doTryCatch" "tryCatchOne" "tryCatchList" "tryCatch" "require" "reload" "install" 
"gc" "unload_dll" "unload" "load_all" "document" 
"gc" "unload_dll" "unload" "load_all" "document" 
"gc" "unload_dll" "unload" "load_all" "document" 
"gc" "unload_dll" "unload" "load_all" "document" 
"gc" "unload_dll" "load_all" "document" 
"gc" "unload_dll" "load_all" "document" 
"gc" "unload_dll" "load_all" "document" 
"matrix" "parseNamespaceFile" "parse_ns_file" "setup_ns_imports" "create_ns_env" "load_all" "document" 
"readChar" "FUN" "lapply" "unlist" "load_data" "load_all" "document" 
"readChar" "FUN" "lapply" "unlist" "load_data" "load_all" "document" 
"FUN" "lapply" "unlist" "load_data" "load_all" "document" 
"FUN" "lapply" "unlist" "load_data" "load_all" "document" 
"FUN" "lapply" "unlist" "load_data" "load_all" "document" 
"FUN" "lapply" "unlist" "load_data" "load_all" "document" 
"FUN" "lapply" "unlist" "load_data" "load_all" "document" 
"FUN" "lapply" "unlist" "load_data" "load_all" "document" 
"FUN" "lapply" "unlist" "load_data" "load_all" "document" 
"FUN" "lapply" "unlist" "load_data" "load_all" "document" 
"FUN" "lapply" "unlist" "load_data" "load_all" "document" 
"FUN" "lapply" "unlist" "load_data" "load_all" "document" 
"FUN" "lapply" "unlist" "load_data" "load_all" "document" 
"FUN" "lapply" "unlist" "load_data" "load_all" "document" 
"FUN" "lapply" "unlist" "load_data" "load_all" "document" 
"FUN" "lapply" "unlist" "load_data" "load_all" "document" 
"FUN" "lapply" "unlist" "load_data" "load_all" "document" 
"FUN" "lapply" "unlist" "load_data" "load_all" "document" 
"FUN" "lapply" "unlist" "load_data" "load_all" "document" 
"FUN" "lapply" "unlist" "load_data" "load_all" "document" 
"FUN" "lapply" "unlist" "load_data" "load_all" "document" 
"FUN" "lapply" "unlist" "load_data" "load_all" "document" 
"FUN" "lapply" "unlist" "load_data" "load_all" "document" 
"FUN" "lapply" "unlist" "load_data" "load_all" "document" 
"FUN" "lapply" "unlist" "load_data" "load_all" "document" 
"FUN" "lapply" "unlist" "load_data" "load_all" "document" 
"FUN" "lapply" "unlist" "load_data" "load_all" "document" 
"FUN" "lapply" "unlist" "load_data" "load_all" "document" 
"FUN" "lapply" "unlist" "load_data" "load_all" "document" 
"FUN" "lapply" "unlist" "load_data" "load_all" "document" 
"FUN" "lapply" "unlist" "load_data" "load_all" "document" 
"FUN" "lapply" "unlist" "load_data" "load_all" "document" 
"<Anonymous>" "FUN" "lapply" "vapply" "compact" "parse_preref" "<Anonymous>" "mapply" "Map" "FUN" "lapply" "parse_package" "roxygen2::roxygenise" "force" "withr::with_envvar" "document" 
".Call" "stri_detect_regex" "str_detect" "<Anonymous>" "FUN" "lapply" "vapply" "compact" "parse_preref" "<Anonymous>" "mapply" "Map" "FUN" "lapply" "parse_package" "roxygen2::roxygenise" "force" "withr::with_envvar" "document" 
".Call" "digest::digest" "same_contents" "<Anonymous>" "mapply" "roc_output.rd_roclet" "roc_output" "FUN" "lapply" "unlist" "roxygen2::roxygenise" "force" "withr::with_envvar" "document" 
"structure" ".POSIXct" "file.info" "file_test" ".read_description" "<Anonymous>" "load_all" "document" 
"gc" "unload_dll" "load_all" "document" 
"gc" "unload_dll" "load_all" "document" 
"gc" "unload_dll" "load_all" "document" 
"gc" "unload_dll" "load_all" "document" 
"gc" "unload_dll" "unload" "load_all" "document" 
"gc" "unload_dll" "unload" "load_all" "document" 
"gc" "unload_dll" "unload" "load_all" "document" 
"dir" "headers" "mtime" "needs_compile" "force" "withr_with_envvar" "compile_dll" "load_all" "document" 
"readChar" "FUN" "lapply" "unlist" "load_data" "load_all" "document" 
"readChar" "FUN" "lapply" "unlist" "load_data" "load_all" "document" 
"FUN" "lapply" "unlist" "load_data" "load_all" "document" 
"FUN" "lapply" "unlist" "load_data" "load_all" "document" 
"FUN" "lapply" "unlist" "load_data" "load_all" "document" 
"FUN" "lapply" "unlist" "load_data" "load_all" "document" 
"FUN" "lapply" "unlist" "load_data" "load_all" "document" 
"FUN" "lapply" "unlist" "load_data" "load_all" "document" 
"FUN" "lapply" "unlist" "load_data" "load_all" "document" 
"FUN" "lapply" "unlist" "load_data" "load_all" "document" 
"FUN" "lapply" "unlist" "load_data" "load_all" "document" 
"FUN" "lapply" "unlist" "load_data" "load_all" "document" 
"FUN" "lapply" "unlist" "load_data" "load_all" "document" 
"FUN" "lapply" "unlist" "load_data" "load_all" "document" 
"FUN" "lapply" "unlist" "load_data" "load_all" "document" 
"FUN" "lapply" "unlist" "load_data" "load_all" "document" 
"FUN" "lapply" "unlist" "load_data" "load_all" "document" 
"FUN" "lapply" "unlist" "load_data" "load_all" "document" 
"FUN" "lapply" "unlist" "load_data" "load_all" "document" 
"FUN" "lapply" "unlist" "load_data" "load_all" "document" 
"FUN" "lapply" "unlist" "load_data" "load_all" "document" 
"FUN" "lapply" "unlist" "load_data" "load_all" "document" 
"FUN" "lapply" "unlist" "load_data" "load_all" "document" 
"FUN" "lapply" "unlist" "load_data" "load_all" "document" 
"FUN" "lapply" "unlist" "load_data" "load_all" "document" 
"FUN" "lapply" "unlist" "load_data" "load_all" "document" 
"FUN" "lapply" "unlist" "load_data" "load_all" "document" 
"FUN" "lapply" "unlist" "load_data" "load_all" "document" 
"FUN" "lapply" "unlist" "load_data" "load_all" "document" 
"FUN" "lapply" "unlist" "load_data" "load_all" "document" 
".Call" "stri_trim_both" "str_trim" "stri_split_regex" "str_split" "str_split_fixed" "<Anonymous>" "FUN" "lapply" "vapply" "compact" "parse_preref" "<Anonymous>" "mapply" "Map" "FUN" "lapply" "parse_package" "roxygen2::roxygenise" "force" "withr::with_envvar" "document" 
"as.list" "calls_use_method" "calls_use_method" "calls_use_method" "calls_use_method" "calls_use_method" "calls_use_method" "calls_use_method" "is_s3_generic" "add_s3_metadata" "standardise_obj" "parser" "object_from_call" "<Anonymous>" "mapply" "Map" "FUN" "lapply" "parse_package" "roxygen2::roxygenise" "force" "withr::with_envvar" "document" 
"dir" "as.vector" "setdiff" "roc_output.rd_roclet" "roc_output" "FUN" "lapply" "unlist" "roxygen2::roxygenise" "force" "withr::with_envvar" "document" 
"gc" "unload_dll" "load_all" "document" 
"gc" "unload_dll" "load_all" "document" 
"gc" "unload_dll" "load_all" "document" 
"gc" "unload_dll" "load_all" "document" 
"gc" "unload_dll" "unload" "load_all" "document" 
"gc" "unload_dll" "unload" "load_all" "document" 
"gc" "unload_dll" "unload" "load_all" "document" 
"structure" "FUN" "lapply" "unlist" "md5" "changed_files" "load_data" "load_all" "document" 
"readChar" "FUN" "lapply" "unlist" "load_data" "load_all" "document" 
"FUN" "lapply" "unlist" "load_data" "load_all" "document" 
"FUN" "lapply" "unlist" "load_data" "load_all" "document" 
"FUN" "lapply" "unlist" "load_data" "load_all" "document" 
"FUN" "lapply" "unlist" "load_data" "load_all" "document" 
"FUN" "lapply" "unlist" "load_data" "load_all" "document" 
"FUN" "lapply" "unlist" "load_data" "load_all" "document" 
"FUN" "lapply" "unlist" "load_data" "load_all" "document" 
"FUN" "lapply" "unlist" "load_data" "load_all" "document" 
"FUN" "lapply" "unlist" "load_data" "load_all" "document" 
"FUN" "lapply" "unlist" "load_data" "load_all" "document" 
"FUN" "lapply" "unlist" "load_data" "load_all" "document" 
"FUN" "lapply" "unlist" "load_data" "load_all" "document" 
"FUN" "lapply" "unlist" "load_data" "load_all" "document" 
"FUN" "lapply" "unlist" "load_data" "load_all" "document" 
"FUN" "lapply" "unlist" "load_data" "load_all" "document" 
"FUN" "lapply" "unlist" "load_data" "load_all" "document" 
"FUN" "lapply" "unlist" "load_data" "load_all" "document" 
"FUN" "lapply" "unlist" "load_data" "load_all" "document" 
"FUN" "lapply" "unlist" "load_data" "load_all" "document" 
"FUN" "lapply" "unlist" "load_data" "load_all" "document" 
"FUN" "lapply" "unlist" "load_data" "load_all" "document" 
"FUN" "lapply" "unlist" "load_data" "load_all" "document" 
"FUN" "lapply" "unlist" "load_data" "load_all" "document" 
"FUN" "lapply" "unlist" "load_data" "load_all" "document" 
"FUN" "lapply" "unlist" "load_data" "load_all" "document" 
"FUN" "lapply" "unlist" "load_data" "load_all" "document" 
"FUN" "lapply" "unlist" "load_data" "load_all" "document" 
"options" "match" "%in%" "getOption" "file" "parse" "FUN" "lapply" "parse_package" "roxygen2::roxygenise" "force" "withr::with_envvar" "document" 
"calls_use_method" "calls_use_method" "calls_use_method" "calls_use_method" "calls_use_method" "calls_use_method" "calls_use_method" "calls_use_method" "is_s3_generic" "add_s3_metadata" "standardise_obj" "parser" "object_from_call" "<Anonymous>" "mapply" "Map" "FUN" "lapply" "parse_package" "roxygen2::roxygenise" "force" "withr::with_envvar" "document" 
"readRDS" "packageDescription" "withCallingHandlers" "suppressWarnings" "utils::packageVersion" "doTryCatch" "tryCatchOne" "tryCatchList" "tryCatch" "is_installed" "check_suggested" "document" 
"gc" "unload_dll" "load_all" "document" 
"gc" "unload_dll" "load_all" "document" 
"gc" "unload_dll" "load_all" "document" 
"gc" "unload_dll" "load_all" "document" 
"gc" "unload_dll" "unload" "load_all" "document" 
"gc" "unload_dll" "unload" "load_all" "document" 
"gc" "unload_dll" "unload" "load_all" "document" 
"structure" "FUN" "lapply" "unlist" "md5" "changed_files" "load_data" "load_all" "document" 
"readChar" "FUN" "lapply" "unlist" "load_data" "load_all" "document" 
"FUN" "lapply" "unlist" "load_data" "load_all" "document" 
"FUN" "lapply" "unlist" "load_data" "load_all" "document" 
"FUN" "lapply" "unlist" "load_data" "load_all" "document" 
"FUN" "lapply" "unlist" "load_data" "load_all" "document" 
"FUN" "lapply" "unlist" "load_data" "load_all" "document" 
"FUN" "lapply" "unlist" "load_data" "load_all" "document" 
"FUN" "lapply" "unlist" "load_data" "load_all" "document" 
"FUN" "lapply" "unlist" "load_data" "load_all" "document" 
"FUN" "lapply" "unlist" "load_data" "load_all" "document" 
"FUN" "lapply" "unlist" "load_data" "load_all" "document" 
"FUN" "lapply" "unlist" "load_data" "load_all" "document" 
"FUN" "lapply" "unlist" "load_data" "load_all" "document" 
"FUN" "lapply" "unlist" "load_data" "load_all" "document" 
"FUN" "lapply" "unlist" "load_data" "load_all" "document" 
"FUN" "lapply" "unlist" "load_data" "load_all" "document" 
"FUN" "lapply" "unlist" "load_data" "load_all" "document" 
"FUN" "lapply" "unlist" "load_data" "load_all" "document" 
"FUN" "lapply" "unlist" "load_data" "load_all" "document" 
"FUN" "lapply" "unlist" "load_data" "load_all" "document" 
"FUN" "lapply" "unlist" "load_data" "load_all" "document" 
"FUN" "lapply" "unlist" "load_data" "load_all" "document" 
"FUN" "lapply" "unlist" "load_data" "load_all" "document" 
"FUN" "lapply" "unlist" "load_data" "load_all" "document" 
"FUN" "lapply" "unlist" "load_data" "load_all" "document" 
"FUN" "lapply" "unlist" "load_data" "load_all" "document" 
"FUN" "lapply" "unlist" "load_data" "load_all" "document" 
"FUN" "lapply" "unlist" "load_data" "load_all" "document" 
"FUN" "lapply" "unlist" "load_data" "load_all" "document" 
"$" ".getNamespace" "dev_meta" "run_pkg_hook" "load_all" "document" 
"FUN" "vapply" "parse_preref" "<Anonymous>" "mapply" "Map" "FUN" "lapply" "parse_package" "roxygen2::roxygenise" "force" "withr::with_envvar" "document" 
"strsplit" "get_documented_params" "fix_params_order" "roc_process.rd_roclet" "roc_process" "FUN" "lapply" "unlist" "roxygen2::roxygenise" "force" "withr::with_envvar" "document" 
"strsplit" "unlist" "FUN" "lapply" "FUN" "lapply" "do.call" "tools::package_dependencies" "find_deps" "sort" "package_deps" "rbind" "filter_duplicate_deps" "dev_package_deps" "install_deps" "install" 
"strsplit" "unlist" "FUN" "lapply" "FUN" "lapply" "do.call" "tools::package_dependencies" "find_deps" "sort" "package_deps" "rbind" "filter_duplicate_deps" "dev_package_deps" "install_deps" "install" 
"sub" "FUN" "lapply" "FUN" "lapply" "do.call" "tools::package_dependencies" "find_deps" "sort" "package_deps" "rbind" "filter_duplicate_deps" "dev_package_deps" "install_deps" "install" 
"sub" "FUN" "lapply" "FUN" "lapply" "do.call" "tools::package_dependencies" "find_deps" "sort" "package_deps" "rbind" "filter_duplicate_deps" "dev_package_deps" "install_deps" "install" 
"strsplit" "unlist" "FUN" "lapply" "FUN" "lapply" "do.call" "tools::package_dependencies" "find_deps" "sort" "package_deps" "rbind" "filter_duplicate_deps" "dev_package_deps" "install_deps" "install" 
"strsplit" "unlist" "FUN" "lapply" "FUN" "lapply" "do.call" "tools::package_dependencies" "find_deps" "sort" "package_deps" "rbind" "filter_duplicate_deps" "dev_package_deps" "install_deps" "install" 
"sub" "FUN" "lapply" "FUN" "lapply" "do.call" "tools::package_dependencies" "find_deps" "sort" "package_deps" "rbind" "filter_duplicate_deps" "dev_package_deps" "install_deps" "install" 
"unlist" "FUN" "lapply" "FUN" "lapply" "do.call" "tools::package_dependencies" "find_deps" "sort" "package_deps" "rbind" "filter_duplicate_deps" "dev_package_deps" "install_deps" "install" 
"sub" "FUN" "lapply" "FUN" "lapply" "do.call" "tools::package_dependencies" "find_deps" "sort" "package_deps" "rbind" "filter_duplicate_deps" "dev_package_deps" "install_deps" "install" 
"sub" "FUN" "lapply" "FUN" "lapply" "do.call" "tools::package_dependencies" "find_deps" "sort" "package_deps" "rbind" "filter_duplicate_deps" "dev_package_deps" "install_deps" "install" 
"strsplit" "unlist" "FUN" "lapply" "FUN" "lapply" "do.call" "tools::package_dependencies" "find_deps" "sort" "package_deps" "rbind" "filter_duplicate_deps" "dev_package_deps" "install_deps" "install" 
"sub" "FUN" "lapply" "FUN" "lapply" "do.call" "tools::package_dependencies" "find_deps" "sort" "package_deps" "rbind" "filter_duplicate_deps" "dev_package_deps" "install_deps" "install" 
"lapply" "FUN" "lapply" "do.call" "tools::package_dependencies" "find_deps" "sort" "package_deps" "rbind" "filter_duplicate_deps" "dev_package_deps" "install_deps" "install" 
"sub" "FUN" "lapply" "FUN" "lapply" "do.call" "tools::package_dependencies" "find_deps" "sort" "package_deps" "rbind" "filter_duplicate_deps" "dev_package_deps" "install_deps" "install" 
"FUN" "lapply" "FUN" "lapply" "do.call" "tools::package_dependencies" "find_deps" "sort" "package_deps" "rbind" "filter_duplicate_deps" "dev_package_deps" "install_deps" "install" 
"unlist" "FUN" "lapply" "FUN" "lapply" "do.call" "tools::package_dependencies" "find_deps" "sort" "package_deps" "rbind" "filter_duplicate_deps" "dev_package_deps" "install_deps" "install" 
"sub" "FUN" "lapply" "FUN" "lapply" "do.call" "tools::package_dependencies" "find_deps" "sort" "package_deps" "rbind" "filter_duplicate_deps" "dev_package_deps" "install_deps" "install" 
"sub" "FUN" "lapply" "FUN" "lapply" "do.call" "tools::package_dependencies" "find_deps" "sort" "package_deps" "rbind" "filter_duplicate_deps" "dev_package_deps" "install_deps" "install" 
"sub" "FUN" "lapply" "FUN" "lapply" "do.call" "tools::package_dependencies" "find_deps" "sort" "package_deps" "rbind" "filter_duplicate_deps" "dev_package_deps" "install_deps" "install" 
"sub" "FUN" "lapply" "FUN" "lapply" "do.call" "tools::package_dependencies" "find_deps" "sort" "package_deps" "rbind" "filter_duplicate_deps" "dev_package_deps" "install_deps" "install" 
"sub" "FUN" "lapply" "FUN" "lapply" "do.call" "tools::package_dependencies" "find_deps" "sort" "package_deps" "rbind" "filter_duplicate_deps" "dev_package_deps" "install_deps" "install" 
"sub" "FUN" "lapply" "FUN" "lapply" "do.call" "tools::package_dependencies" "find_deps" "sort" "package_deps" "rbind" "filter_duplicate_deps" "dev_package_deps" "install_deps" "install" 
"sub" "FUN" "lapply" "FUN" "lapply" "do.call" "tools::package_dependencies" "find_deps" "sort" "package_deps" "rbind" "filter_duplicate_deps" "dev_package_deps" "install_deps" "install" 
"strsplit" "unlist" "FUN" "lapply" "FUN" "lapply" "do.call" "tools::package_dependencies" "find_deps" "sort" "package_deps" "rbind" "filter_duplicate_deps" "dev_package_deps" "install_deps" "install" 
"sub" "FUN" "lapply" "FUN" "lapply" "do.call" "tools::package_dependencies" "find_deps" "sort" "package_deps" "rbind" "filter_duplicate_deps" "dev_package_deps" "install_deps" "install" 
"lapply" "FUN" "lapply" "do.call" "tools::package_dependencies" "find_deps" "sort" "package_deps" "rbind" "filter_duplicate_deps" "dev_package_deps" "install_deps" "install" 
"unlist" "FUN" "lapply" "FUN" "lapply" "do.call" "tools::package_dependencies" "find_deps" "sort" "package_deps" "rbind" "filter_duplicate_deps" "dev_package_deps" "install_deps" "install" 
"sub" "FUN" "lapply" "FUN" "lapply" "do.call" "tools::package_dependencies" "find_deps" "sort" "package_deps" "rbind" "filter_duplicate_deps" "dev_package_deps" "install_deps" "install" 
"sub" "FUN" "lapply" "FUN" "lapply" "do.call" "tools::package_dependencies" "find_deps" "sort" "package_deps" "rbind" "filter_duplicate_deps" "dev_package_deps" "install_deps" "install" 
"mapply" "<Anonymous>" "do.call" "tools::package_dependencies" "find_deps" "sort" "package_deps" "rbind" "filter_duplicate_deps" "dev_package_deps" "install_deps" "install" 
"FUN" "lapply" "tools::package_dependencies" "find_deps" "sort" "package_deps" "rbind" "filter_duplicate_deps" "dev_package_deps" "install_deps" "install" 
"FUN" "lapply" "tools::package_dependencies" "find_deps" "sort" "package_deps" "rbind" "filter_duplicate_deps" "dev_package_deps" "install_deps" "install" 
"FUN" "lapply" "tools::package_dependencies" "find_deps" "sort" "package_deps" "rbind" "filter_duplicate_deps" "dev_package_deps" "install_deps" "install" 
"FUN" "lapply" "tools::package_dependencies" "find_deps" "sort" "package_deps" "rbind" "filter_duplicate_deps" "dev_package_deps" "install_deps" "install" 
"FUN" "lapply" "tools::package_dependencies" "find_deps" "sort" "package_deps" "rbind" "filter_duplicate_deps" "dev_package_deps" "install_deps" "install" 
"unique.default" "FUN" "lapply" "tools::package_dependencies" "find_deps" "sort" "package_deps" "rbind" "filter_duplicate_deps" "dev_package_deps" "install_deps" "install" 
"sort.int" "sort.default" "sort" "tools::package_dependencies" "find_deps" "sort" "package_deps" "rbind" "filter_duplicate_deps" "dev_package_deps" "install_deps" "install" 
"split.default" "split" "tools::package_dependencies" "find_deps" "sort" "package_deps" "rbind" "filter_duplicate_deps" "dev_package_deps" "install_deps" "install" 
".Call" "validityMethod" "anyStrings" "validObject" "initialize" "initialize" "new" ".local" "git2r::repository" "standardGeneric" "git2r::repository" "uses_github" "github_info" "remote_metadata.package" "remote_metadata" "install" 
"gc" "unload_dll" "unload" "reload" "install" 
"gc" "unload_dll" "unload" "reload" "install" 
"gc" "unload_dll" "unload" "reload" "install" 
"sort.default" "sort" "as.factor" "split.default" "split" "Ops.numeric_version" "testRversion" "library" "doTryCatch" "tryCatchOne" "tryCatchList" "tryCatch" "require" "reload" "install" 
"lazyLoadDBfetch" "FUN" "vapply" "same.isFn" "checkConflicts" "library" "doTryCatch" "tryCatchOne" "tryCatchList" "tryCatch" "require" "reload" "install" 
"lazyLoadDBfetch" "FUN" "vapply" "same.isFn" "checkConflicts" "library" "doTryCatch" "tryCatchOne" "tryCatchList" "tryCatch" "require" "reload" "install" 
"lazyLoadDBfetch" "FUN" "vapply" "same.isFn" "checkConflicts" "library" "doTryCatch" "tryCatchOne" "tryCatchList" "tryCatch" "require" "reload" "install" 
"lazyLoadDBfetch" "FUN" "vapply" "same.isFn" "checkConflicts" "library" "doTryCatch" "tryCatchOne" "tryCatchList" "tryCatch" "require" "reload" "install" 
"lazyLoadDBfetch" "FUN" "vapply" "same.isFn" "checkConflicts" "library" "doTryCatch" "tryCatchOne" "tryCatchList" "tryCatch" "require" "reload" "install" 
"lazyLoadDBfetch" "FUN" "vapply" "same.isFn" "checkConflicts" "library" "doTryCatch" "tryCatchOne" "tryCatchList" "tryCatch" "require" "reload" "install" 
"lazyLoadDBfetch" "FUN" "vapply" "same.isFn" "checkConflicts" "library" "doTryCatch" "tryCatchOne" "tryCatchList" "tryCatch" "require" "reload" "install" 
"lazyLoadDBfetch" "FUN" "vapply" "same.isFn" "checkConflicts" "library" "doTryCatch" "tryCatchOne" "tryCatchList" "tryCatch" "require" "reload" "install" 
"lazyLoadDBfetch" "FUN" "vapply" "same.isFn" "checkConflicts" "library" "doTryCatch" "tryCatchOne" "tryCatchList" "tryCatch" "require" "reload" "install" 
"lazyLoadDBfetch" "FUN" "vapply" "same.isFn" "checkConflicts" "library" "doTryCatch" "tryCatchOne" "tryCatchList" "tryCatch" "require" "reload" "install" 
"lazyLoadDBfetch" "FUN" "vapply" "same.isFn" "checkConflicts" "library" "doTryCatch" "tryCatchOne" "tryCatchList" "tryCatch" "require" "reload" "install" 
"lazyLoadDBfetch" "FUN" "vapply" "same.isFn" "checkConflicts" "library" "doTryCatch" "tryCatchOne" "tryCatchList" "tryCatch" "require" "reload" "install" 
"lazyLoadDBfetch" "FUN" "vapply" "same.isFn" "checkConflicts" "library" "doTryCatch" "tryCatchOne" "tryCatchList" "tryCatch" "require" "reload" "install" 
